27/10/2020 14:57:34	This log contains information about the import schema operation into project 'Parker_Prod' on computer 'CR2080700W2' by user 'Adrian.Mendez'.
27/10/2020 14:57:34	Import of database schema has started.
27/10/2020 14:57:54	Gathering database credentials
27/10/2020 14:57:54	Gathering database options
27/10/2020 14:57:54	Gathering generic database scoped configuration option
27/10/2020 14:57:54	Gathering users
27/10/2020 14:57:54	Gathering roles
27/10/2020 14:57:54	Gathering application roles
27/10/2020 14:57:54	Gathering role memberships
27/10/2020 14:57:54	Gathering filegroups
27/10/2020 14:57:54	Gathering full-text catalogs
27/10/2020 14:57:54	Gathering assemblies
27/10/2020 14:57:54	Gathering certificates
27/10/2020 14:57:54	Gathering symmetric keys
27/10/2020 14:57:54	Gathering encrypted symmetric keys
27/10/2020 14:57:54	Gathering schemas
27/10/2020 14:57:54	Gathering XML schema collections
27/10/2020 14:57:54	Gathering user-defined data types
27/10/2020 14:57:54	Gathering user-defined types
27/10/2020 14:57:54	Gathering table types
27/10/2020 14:57:54	Gathering unique keys for table types
27/10/2020 14:57:54	Gathering primary keys for table types
27/10/2020 14:57:54	Gathering indexes for table types
27/10/2020 14:57:54	Gathering check constraints for table types
27/10/2020 14:57:54	Gathering default constraints for table types
27/10/2020 14:57:54	Gathering partition functions
27/10/2020 14:57:54	Gathering partition schemes
27/10/2020 14:57:54	Gathering functions
27/10/2020 14:57:54	Gathering encrypted functions
27/10/2020 14:57:54	Gathering aggregates
27/10/2020 14:57:54	Gathering procedures
27/10/2020 14:57:55	Gathering encrypted procedures
27/10/2020 14:57:55	Gathering tables
27/10/2020 14:57:55	Gathering primary keys
27/10/2020 14:57:55	Gathering unique constraints
27/10/2020 14:57:55	Gathering foreign keys
27/10/2020 14:57:55	Gathering default constraints
27/10/2020 14:57:55	Gathering check constraints
27/10/2020 14:57:55	Gathering views
27/10/2020 14:57:55	Gathering encrypted views
27/10/2020 14:57:55	Gathering indexes
27/10/2020 14:57:55	Gathering statistics
27/10/2020 14:57:55	Gathering full-text index stoplists
27/10/2020 14:57:55	Gathering search property lists
27/10/2020 14:57:55	Gathering search properties
27/10/2020 14:57:55	Gathering full-text indexes
27/10/2020 14:57:55	Gathering column store indexes
27/10/2020 14:57:55	Gathering spatial indexes
27/10/2020 14:57:55	Gathering XML indexes
27/10/2020 14:57:55	Gathering Selective XML indexes
27/10/2020 14:57:55	Gathering encrypted triggers
27/10/2020 14:57:55	Gathering triggers
27/10/2020 14:57:55	Gathering encrypted and clr ddl triggers
27/10/2020 14:57:55	Gathering ddl triggers
27/10/2020 14:57:55	Creating edge constraints
27/10/2020 14:57:55	Gathering synonyms
27/10/2020 14:57:55	Gathering defaults
27/10/2020 14:57:55	Gathering data constraint uddt bindings
27/10/2020 14:57:55	Gathering rules
27/10/2020 14:57:55	Gathering data constraint uddt bindings
27/10/2020 14:57:55	Gathering message types
27/10/2020 14:57:55	Gathering queues
27/10/2020 14:57:55	Gathering contracts
27/10/2020 14:57:55	Gathering services
27/10/2020 14:57:55	Gathering event notifications
27/10/2020 14:57:55	Gathering remote service bindings
27/10/2020 14:57:55	Gathering broker priorities
27/10/2020 14:57:55	Gathering signatures
27/10/2020 14:57:55	Gathering data compression options
27/10/2020 14:57:55	Gathering sequence types
27/10/2020 14:57:55	Gathering security policies
27/10/2020 14:57:55	Gather column encryption keys
27/10/2020 14:57:55	Gathering column master keys
27/10/2020 14:57:55	Gathering external data sources
27/10/2020 14:57:55	Gathering external tables
27/10/2020 14:57:55	Gathering extended properties
27/10/2020 14:58:01	Scanning project for duplicate elements
27/10/2020 14:58:01	Finished duplicate element processing
27/10/2020 14:58:03	Finished importing database.
27/10/2020 14:58:03	A summary of the import was saved to the following location: C:\Users\adrian.mendez\OneDrive - EY\Documents\Projects\Parker\ADV-DXH\database\DeployDatabase\Parker_Prod\Import Schema Logs\Parker_Prod_20201027085734.log
27/10/2020 14:58:03	Click Finish to continue...
