6/11/2020 13:50:29	This log contains information about the import schema operation into project 'Parker_Prod' on computer 'CR2234087W1' by user 'JX254ZR'.
6/11/2020 13:50:29	Import of database schema has started.
6/11/2020 13:50:47	Gathering database credentials
6/11/2020 13:50:47	Gathering database options
6/11/2020 13:50:47	Gathering generic database scoped configuration option
6/11/2020 13:50:47	Gathering users
6/11/2020 13:50:48	Gathering roles
6/11/2020 13:50:48	Gathering application roles
6/11/2020 13:50:48	Gathering role memberships
6/11/2020 13:50:48	Gathering filegroups
6/11/2020 13:50:48	Gathering full-text catalogs
6/11/2020 13:50:48	Gathering assemblies
6/11/2020 13:50:48	Gathering certificates
6/11/2020 13:50:48	Gathering symmetric keys
6/11/2020 13:50:48	Gathering encrypted symmetric keys
6/11/2020 13:50:48	Gathering schemas
6/11/2020 13:50:48	Gathering XML schema collections
6/11/2020 13:50:48	Gathering user-defined data types
6/11/2020 13:50:48	Gathering user-defined types
6/11/2020 13:50:48	Gathering table types
6/11/2020 13:50:48	Gathering unique keys for table types
6/11/2020 13:50:48	Gathering primary keys for table types
6/11/2020 13:50:48	Gathering indexes for table types
6/11/2020 13:50:48	Gathering check constraints for table types
6/11/2020 13:50:48	Gathering default constraints for table types
6/11/2020 13:50:48	Gathering partition functions
6/11/2020 13:50:48	Gathering partition schemes
6/11/2020 13:50:48	Gathering functions
6/11/2020 13:50:48	Gathering encrypted functions
6/11/2020 13:50:48	Gathering aggregates
6/11/2020 13:50:48	Gathering procedures
6/11/2020 13:50:49	Gathering encrypted procedures
6/11/2020 13:50:49	Gathering tables
6/11/2020 13:50:49	Gathering primary keys
6/11/2020 13:50:49	Gathering unique constraints
6/11/2020 13:50:49	Gathering foreign keys
6/11/2020 13:50:49	Gathering default constraints
6/11/2020 13:50:49	Gathering check constraints
6/11/2020 13:50:49	Gathering views
6/11/2020 13:50:49	Gathering encrypted views
6/11/2020 13:50:49	Gathering indexes
6/11/2020 13:50:49	Gathering statistics
6/11/2020 13:50:49	Gathering full-text index stoplists
6/11/2020 13:50:49	Gathering search property lists
6/11/2020 13:50:49	Gathering search properties
6/11/2020 13:50:49	Gathering full-text indexes
6/11/2020 13:50:49	Gathering column store indexes
6/11/2020 13:50:49	Gathering spatial indexes
6/11/2020 13:50:49	Gathering XML indexes
6/11/2020 13:50:49	Gathering Selective XML indexes
6/11/2020 13:50:49	Gathering encrypted triggers
6/11/2020 13:50:49	Gathering triggers
6/11/2020 13:50:49	Gathering encrypted and clr ddl triggers
6/11/2020 13:50:49	Gathering ddl triggers
6/11/2020 13:50:49	Creating edge constraints
6/11/2020 13:50:49	Gathering synonyms
6/11/2020 13:50:49	Gathering defaults
6/11/2020 13:50:49	Gathering data constraint uddt bindings
6/11/2020 13:50:49	Gathering rules
6/11/2020 13:50:49	Gathering data constraint uddt bindings
6/11/2020 13:50:49	Gathering message types
6/11/2020 13:50:49	Gathering queues
6/11/2020 13:50:49	Gathering contracts
6/11/2020 13:50:49	Gathering services
6/11/2020 13:50:49	Gathering event notifications
6/11/2020 13:50:49	Gathering remote service bindings
6/11/2020 13:50:49	Gathering broker priorities
6/11/2020 13:50:49	Gathering signatures
6/11/2020 13:50:49	Gathering data compression options
6/11/2020 13:50:49	Gathering sequence types
6/11/2020 13:50:49	Gathering security policies
6/11/2020 13:50:49	Gather column encryption keys
6/11/2020 13:50:49	Gathering column master keys
6/11/2020 13:50:49	Gathering external data sources
6/11/2020 13:50:49	Gathering external tables
6/11/2020 13:50:49	Gathering extended properties
6/11/2020 13:50:52	Scanning project for duplicate elements
6/11/2020 13:50:52	Finished duplicate element processing
6/11/2020 13:50:54	Finished importing database.
6/11/2020 13:50:54	A summary of the import was saved to the following location: C:\Users\JX254ZR\Documents\Projects\ADV-DXH\database\DeployDatabase\Parker_Prod\Import Schema Logs\Parker_Prod_20201106075029.log
6/11/2020 13:50:54	Click Finish to continue...
