10/5/2021 11:41:21	This log contains information about the import schema operation into project 'ParkerDB' on computer 'CR2234087W1' by user 'JX254ZR'.
10/5/2021 11:41:21	Import of database schema has started.
10/5/2021 11:41:28	Gathering logins
10/5/2021 11:41:34	Gathering database credentials
10/5/2021 11:41:34	Gathering database options
10/5/2021 11:41:34	Gathering generic database scoped configuration option
10/5/2021 11:41:34	Gathering users
10/5/2021 11:41:34	Gathering roles
10/5/2021 11:41:34	Gathering application roles
10/5/2021 11:41:34	Gathering role memberships
10/5/2021 11:41:34	Gathering filegroups
10/5/2021 11:41:34	Gathering full-text catalogs
10/5/2021 11:41:34	Gathering assemblies
10/5/2021 11:41:34	Gathering certificates
10/5/2021 11:41:34	Gathering symmetric keys
10/5/2021 11:41:34	Gathering encrypted symmetric keys
10/5/2021 11:41:34	Gathering schemas
10/5/2021 11:41:34	Gathering XML schema collections
10/5/2021 11:41:34	Gathering user-defined data types
10/5/2021 11:41:34	Gathering user-defined types
10/5/2021 11:41:34	Gathering table types
10/5/2021 11:41:34	Gathering unique keys for table types
10/5/2021 11:41:34	Gathering primary keys for table types
10/5/2021 11:41:34	Gathering indexes for table types
10/5/2021 11:41:34	Gathering check constraints for table types
10/5/2021 11:41:34	Gathering default constraints for table types
10/5/2021 11:41:34	Gathering partition functions
10/5/2021 11:41:34	Gathering partition schemes
10/5/2021 11:41:34	Gathering functions
10/5/2021 11:41:34	Gathering encrypted functions
10/5/2021 11:41:34	Gathering aggregates
10/5/2021 11:41:34	Gathering procedures
10/5/2021 11:41:36	Gathering encrypted procedures
10/5/2021 11:41:36	Gathering tables
10/5/2021 11:41:36	Gathering primary keys
10/5/2021 11:41:36	Gathering unique constraints
10/5/2021 11:41:36	Gathering foreign keys
10/5/2021 11:41:36	Gathering default constraints
10/5/2021 11:41:37	Gathering check constraints
10/5/2021 11:41:37	Gathering views
10/5/2021 11:41:37	Gathering encrypted views
10/5/2021 11:41:37	Gathering indexes
10/5/2021 11:41:37	Gathering statistics
10/5/2021 11:41:37	Gathering full-text index stoplists
10/5/2021 11:41:37	Gathering search property lists
10/5/2021 11:41:37	Gathering search properties
10/5/2021 11:41:37	Gathering full-text indexes
10/5/2021 11:41:37	Gathering column store indexes
10/5/2021 11:41:37	Gathering spatial indexes
10/5/2021 11:41:37	Gathering XML indexes
10/5/2021 11:41:37	Gathering Selective XML indexes
10/5/2021 11:41:37	Gathering encrypted triggers
10/5/2021 11:41:37	Gathering triggers
10/5/2021 11:41:37	Gathering encrypted and clr ddl triggers
10/5/2021 11:41:37	Gathering ddl triggers
10/5/2021 11:41:37	Creating edge constraints
10/5/2021 11:41:37	Gathering synonyms
10/5/2021 11:41:37	Gathering defaults
10/5/2021 11:41:37	Gathering data constraint uddt bindings
10/5/2021 11:41:37	Gathering rules
10/5/2021 11:41:37	Gathering data constraint uddt bindings
10/5/2021 11:41:37	Gathering message types
10/5/2021 11:41:37	Gathering queues
10/5/2021 11:41:37	Gathering contracts
10/5/2021 11:41:37	Gathering services
10/5/2021 11:41:37	Gathering event notifications
10/5/2021 11:41:37	Gathering remote service bindings
10/5/2021 11:41:37	Gathering broker priorities
10/5/2021 11:41:37	Gathering signatures
10/5/2021 11:41:37	Gathering data compression options
10/5/2021 11:41:37	Gathering sequence types
10/5/2021 11:41:37	Gathering security policies
10/5/2021 11:41:37	Gather column encryption keys
10/5/2021 11:41:37	Gathering column master keys
10/5/2021 11:41:37	Gathering external data sources
10/5/2021 11:41:37	Gathering external tables
10/5/2021 11:41:37	Gathering extended properties
10/5/2021 11:41:38	Scanning project for duplicate elements
10/5/2021 11:41:38	Finished duplicate element processing
10/5/2021 11:41:40	Finished importing database.
10/5/2021 11:41:40	A summary of the import was saved to the following location: C:\Users\JX254ZR\OneDrive - EY\Documentos\Projects\Business%20Technologies%20-%20eDBH\database\DeployDatabase\ParkerDB\Import Schema Logs\ParkerDB_20210510054121.log
10/5/2021 11:41:40	Click Finish to continue...
