10/5/2021 12:56:12	This log contains information about the import schema operation into project 'ParkerDB' on computer 'CR2234087W1' by user 'JX254ZR'.
10/5/2021 12:56:12	Import of database schema has started.
10/5/2021 12:56:30	Gathering database credentials
10/5/2021 12:56:30	Gathering database options
10/5/2021 12:56:30	Gathering generic database scoped configuration option
10/5/2021 12:56:30	Gathering users
10/5/2021 12:56:31	Gathering roles
10/5/2021 12:56:31	Gathering application roles
10/5/2021 12:56:31	Gathering role memberships
10/5/2021 12:56:31	Gathering filegroups
10/5/2021 12:56:31	Gathering full-text catalogs
10/5/2021 12:56:31	Gathering assemblies
10/5/2021 12:56:31	Gathering certificates
10/5/2021 12:56:31	Gathering symmetric keys
10/5/2021 12:56:31	Gathering encrypted symmetric keys
10/5/2021 12:56:31	Gathering schemas
10/5/2021 12:56:31	Gathering XML schema collections
10/5/2021 12:56:31	Gathering user-defined data types
10/5/2021 12:56:31	Gathering user-defined types
10/5/2021 12:56:31	Gathering table types
10/5/2021 12:56:31	Gathering unique keys for table types
10/5/2021 12:56:31	Gathering primary keys for table types
10/5/2021 12:56:31	Gathering indexes for table types
10/5/2021 12:56:31	Gathering check constraints for table types
10/5/2021 12:56:31	Gathering default constraints for table types
10/5/2021 12:56:31	Gathering partition functions
10/5/2021 12:56:31	Gathering partition schemes
10/5/2021 12:56:31	Gathering functions
10/5/2021 12:56:31	Gathering encrypted functions
10/5/2021 12:56:31	Gathering aggregates
10/5/2021 12:56:31	Gathering procedures
10/5/2021 12:56:38	Gathering encrypted procedures
10/5/2021 12:56:38	Gathering tables
10/5/2021 12:56:38	Gathering primary keys
10/5/2021 12:56:38	Gathering unique constraints
10/5/2021 12:56:38	Gathering foreign keys
10/5/2021 12:56:38	Gathering default constraints
10/5/2021 12:56:38	Gathering check constraints
10/5/2021 12:56:38	Gathering views
10/5/2021 12:56:39	Gathering encrypted views
10/5/2021 12:56:39	Gathering indexes
10/5/2021 12:56:39	Gathering statistics
10/5/2021 12:56:39	Gathering full-text index stoplists
10/5/2021 12:56:39	Gathering search property lists
10/5/2021 12:56:39	Gathering search properties
10/5/2021 12:56:39	Gathering full-text indexes
10/5/2021 12:56:39	Gathering column store indexes
10/5/2021 12:56:39	Gathering spatial indexes
10/5/2021 12:56:39	Gathering XML indexes
10/5/2021 12:56:39	Gathering Selective XML indexes
10/5/2021 12:56:39	Gathering encrypted triggers
10/5/2021 12:56:39	Gathering triggers
10/5/2021 12:56:39	Gathering encrypted and clr ddl triggers
10/5/2021 12:56:39	Gathering ddl triggers
10/5/2021 12:56:39	Creating edge constraints
10/5/2021 12:56:39	Gathering synonyms
10/5/2021 12:56:39	Gathering defaults
10/5/2021 12:56:39	Gathering data constraint uddt bindings
10/5/2021 12:56:39	Gathering rules
10/5/2021 12:56:39	Gathering data constraint uddt bindings
10/5/2021 12:56:39	Gathering message types
10/5/2021 12:56:39	Gathering queues
10/5/2021 12:56:39	Gathering contracts
10/5/2021 12:56:39	Gathering services
10/5/2021 12:56:39	Gathering event notifications
10/5/2021 12:56:39	Gathering remote service bindings
10/5/2021 12:56:39	Gathering broker priorities
10/5/2021 12:56:39	Gathering signatures
10/5/2021 12:56:39	Gathering data compression options
10/5/2021 12:56:39	Gathering sequence types
10/5/2021 12:56:39	Gathering security policies
10/5/2021 12:56:39	Gather column encryption keys
10/5/2021 12:56:39	Gathering column master keys
10/5/2021 12:56:39	Gathering external data sources
10/5/2021 12:56:39	Gathering external tables
10/5/2021 12:56:39	Gathering extended properties
10/5/2021 12:56:42	Scanning project for duplicate elements
10/5/2021 12:56:42	Finished duplicate element processing
10/5/2021 12:56:44	Finished importing database.
10/5/2021 12:56:44	A summary of the import was saved to the following location: C:\Users\JX254ZR\OneDrive - EY\Documentos\Projects\Business%20Technologies%20-%20eDBH\database\DeployDatabase\ParkerDB\Import Schema Logs\ParkerDB_20210510065612.log
10/5/2021 12:56:44	Click Finish to continue...
